<?xml version="1.0" encoding="UTF-8" ?>
<testsuites>
<testsuite name="intergration-tests" errors="0" tests="4" failures="0" time="0.135" timestamp="2017-01-02T01:57:56">
  <testcase classname="intergration-tests" name="should have res.merge method" time="0.049"></testcase>
  <testcase classname="intergration-tests" name="should merge view with external html" time="0.063"></testcase>
  <testcase classname="intergration-tests" name="should inject base tag" time="0.011"></testcase>
  <testcase classname="intergration-tests" name="should call transform if present" time="0.012"></testcase>
</testsuite>
</testsuites>